<?xml version="1.0" encoding="UTF-8"?>
<testng-results ignored="0" total="1" passed="1" failed="0" skipped="0">
  <reporter-output>
  </reporter-output>
  <suite started-at="2022-08-03T08:55:11 IST" name="loginTest" finished-at="2022-08-03T08:55:30 IST" duration-ms="18744">
    <groups>
    </groups>
    <test started-at="2022-08-03T08:55:11 IST" name="Test1" finished-at="2022-08-03T08:55:30 IST" duration-ms="18744">
      <class name="com.Test.LoginTest">
        <test-method is-config="true" signature="BO()[pri:0, instance:com.Test.LoginTest@4be29ed9]" started-at="2022-08-03T08:55:11 IST" name="BO" finished-at="2022-08-03T08:55:20 IST" duration-ms="8646" status="PASS">
          <reporter-output>
          </reporter-output>
        </test-method> <!-- BO -->
        <test-method signature="login()[pri:0, instance:com.Test.LoginTest@4be29ed9]" started-at="2022-08-03T08:55:20 IST" name="login" finished-at="2022-08-03T08:55:26 IST" duration-ms="5848" status="PASS">
          <reporter-output>
          </reporter-output>
        </test-method> <!-- login -->
        <test-method is-config="true" signature="BC()[pri:0, instance:com.Test.LoginTest@4be29ed9]" started-at="2022-08-03T08:55:26 IST" name="BC" finished-at="2022-08-03T08:55:30 IST" duration-ms="4211" status="PASS">
          <reporter-output>
          </reporter-output>
        </test-method> <!-- BC -->
      </class> <!-- com.Test.LoginTest -->
    </test> <!-- Test1 -->
  </suite> <!-- loginTest -->
</testng-results>
